0	2	5	0	0.2687296416938111	0.6166123778501629	0.40513029315960913	0.698371335504886	1000_20240515152544_BOX_1_0_11_blue_tape.png
1	2	5	0	0.43933224755700323	0.606514657980456	0.5761400651465798	0.6882736156351792	1000_20240515152552_BOX_1_0_20_blue_tape.png
2	2	5	0	0.6245928338762216	0.6149837133550489	0.761400651465798	0.6964169381107492	1000_20240515152600_BOX_1_0_30_blue_tape.png
3	2	5	0	0.8163680781758957	0.6563517915309446	0.9531758957654723	0.7381107491856678	1000_20240515152608_BOX_1_0_40_blue_tape.png
4	2	5	0	0.879071661237785	0.6732899022801303	1.015472312703583	0.7547231270358307	1000_20240515152617_BOX_1_0_44_blue_tape.png
5	2	5	0	0.9035016286644951	0.6931596091205212	1.0403094462540716	0.7749185667752443	1000_20240515152625_BOX_1_0_47_blue_tape.png
6	2	5	0	0.16449511400651465	0.611400651465798	0.31596091205211724	0.7006514657980456	1000_20240515152633_BOX_1_0_5_blue_tape.png
7	2	5	0	0.1978827361563518	0.611400651465798	0.3489413680781759	0.7006514657980456	1000_20240515152642_BOX_1_0_8_blue_tape.png
8	2	5	0	0.22068403908794787	0.606514657980456	0.3721498371335505	0.6957654723127036	1000_20240515152652_BOX_1_0_9_blue_tape.png
9	2	5	0	0.24144951140065146	0.611400651465798	0.3929153094462541	0.7006514657980456	1000_20240515152701_BOX_1_0_10_blue_tape.png
10	2	5	2	0.0	0.8247557003257329	0.07125407166123779	0.895114006514658	1000_20240515152710_BOX_1_0_23_gum.png
11	2	5	2	0.11237785016286644	0.7830618892508143	0.19543973941368079	0.8534201954397395	1000_20240515152718_BOX_1_0_33_gum.png
12	2	5	2	0.254071661237785	0.7514657980456027	0.33713355048859933	0.8218241042345277	1000_20240515152729_BOX_1_0_43_gum.png
13	2	5	2	0.40594462540716614	0.7332247557003257	0.48900651465798045	0.8035830618892508	1000_20240515152737_BOX_1_0_53_gum.png
14	2	5	2	0.5582247557003257	0.7498371335504886	0.6502442996742671	0.8201954397394137	1000_20240515152746_BOX_1_0_63_gum.png
15	2	5	2	0.7100977198697068	0.7765472312703583	0.8021172638436482	0.8469055374592834	1000_20240515152755_BOX_1_0_74_gum.png
16	2	5	2	0.8558631921824105	0.8214983713355049	0.9478827361563518	0.89185667752443	1000_20240515152804_BOX_1_0_85_gum.png
17	2	5	2	0.9246742671009772	0.8631921824104235	1.0166938110749186	0.9335504885993485	1000_20240515152812_BOX_1_0_92_gum.png
18	2	5	1	0.0061074918566775245	0.6315960912052118	0.11278501628664495	0.6941368078175896	1000_20240515152824_BOX_1_0_50_black_tape.png
19	2	5	1	0.13843648208469056	0.6061889250814332	0.24511400651465798	0.6687296416938111	1000_20240515152832_BOX_1_0_59_black_tape.png
20	2	5	1	0.18322475570032573	0.601628664495114	0.2899022801302932	0.6641693811074919	1000_20240515152840_BOX_1_0_60_black_tape.png
21	2	5	1	0.38925081433224756	0.5781758957654723	0.5052931596091205	0.6465798045602605	1000_20240515152849_BOX_1_0_71_black_tape.png
22	2	5	1	0.6017915309446255	0.5882736156351791	0.7178338762214984	0.6566775244299674	1000_20240515152858_BOX_1_0_82_black_tape.png
23	2	5	1	0.8143322475570033	0.6247557003257329	0.9299674267100977	0.6931596091205212	1000_20240515152907_BOX_1_0_93_black_tape.png
24	2	5	1	0.9181596091205212	0.6514657980456026	1.0337947882736156	0.7198697068403909	1000_20240515152916_BOX_1_0_99_black_tape.png
25	2	5	1	0.9348534201954397	0.6514657980456026	1.026872964169381	0.7198697068403909	1000_20240515152924_BOX_1_0_100_black_tape.png
26	2	5	1	0.9348534201954397	0.6765472312703583	1.026872964169381	0.7449511400651466	1000_20240515152933_BOX_1_0_101_black_tape.png
27	2	5	3	0.01017915309446254	0.8680781758957655	0.0724755700325733	0.9156351791530944	1000_20240515152942_BOX_1_0_58_leaf.png
28	2	5	3	0.11848534201954397	0.8198697068403908	0.1986970684039088	0.8710097719869707	1000_20240515152950_BOX_1_0_68_leaf.png
29	2	5	3	0.23941368078175895	0.7915309446254072	0.31962540716612375	0.842671009771987	1000_20240515152959_BOX_1_0_78_leaf.png
30	2	5	3	0.40594462540716614	0.7749185667752443	0.48615635179153094	0.826058631921824	1000_20240515153008_BOX_1_0_89_leaf.png
31	2	5	3	0.5435667752442996	0.7781758957654723	0.6237785016286646	0.8293159609120521	1000_20240515153017_BOX_1_0_99_leaf.png
32	2	5	3	0.6811889250814332	0.8048859934853421	0.761400651465798	0.8560260586319218	1000_20240515153029_BOX_1_0_109_leaf.png
33	2	5	3	0.8143322475570033	0.8397394136807818	0.8945439739413681	0.8912052117263843	1000_20240515153038_BOX_1_0_119_leaf.png
34	2	5	3	0.9018729641693811	0.8899022801302932	0.9820846905537459	0.9410423452768729	1000_20240515153046_BOX_1_0_129_leaf.png
35	2	5	3	0.9429967426710097	0.923127035830619	1.0232084690553747	0.9745928338762215	1000_20240515153055_BOX_1_0_136_leaf.png
36	2	5	3	0.0	0.7498371335504886	0.09486970684039088	0.8201954397394137	1000_20240515153104_BOX_1_0_137_leaf.png
37	2	5	3	0.039495114006514655	0.7397394136807818	0.13436482084690554	0.8100977198697068	1000_20240515153113_BOX_1_0_140_leaf.png
38	2	5	3	0.10586319218241043	0.713029315960912	0.2011400651465798	0.7833876221498371	1000_20240515153122_BOX_1_0_145_leaf.png
39	2	5	3	0.20195439739413681	0.6980456026058632	0.2968241042345277	0.7684039087947883	1000_20240515153130_BOX_1_0_150_leaf.png
40	2	5	3	0.36237785016286644	0.6798045602605863	0.4572475570032573	0.7501628664495114	1000_20240515153140_BOX_1_0_160_leaf.png
41	2	5	3	0.5142508143322475	0.6899022801302932	0.6095276872964169	0.7602605863192182	1000_20240515153149_BOX_1_0_168_leaf.png
42	2	5	3	0.6872964169381107	0.6964169381107492	0.7821661237785016	0.7667752442996743	1000_20240515153157_BOX_1_0_178_leaf.png
43	2	5	3	0.7373778501628665	0.713029315960912	0.8322475570032574	0.7833876221498371	1000_20240515153206_BOX_1_0_181_leaf.png
44	2	5	3	0.8061889250814332	0.7332247557003257	0.9010586319218241	0.8035830618892508	1000_20240515153215_BOX_1_0_186_leaf.png
45	2	5	3	0.8497557003257329	0.7433224755700326	0.9446254071661238	0.8133550488599348	1000_20240515153224_BOX_1_0_188_leaf.png
46	2	5	3	0.9328175895765473	0.7798045602605863	1.0276872964169381	0.8501628664495114	1000_20240515153233_BOX_1_0_196_leaf.png
47	2	5	0	0.016286644951140065	0.43159609120521175	0.17100977198697068	0.537785016286645	1000_20240515153241_BOX_1_0_140_blue_tape.png
48	2	5	0	0.11644951140065146	0.4114006514657981	0.2707654723127036	0.5179153094462541	1000_20240515153250_BOX_1_0_145_blue_tape.png
49	2	5	0	0.2267915309446254	0.3947882736156352	0.3811074918566775	0.5013029315960912	1000_20240515153300_BOX_1_0_150_blue_tape.png
50	2	5	0	0.4788273615635179	0.3980456026058632	0.6335504885993485	0.5045602605863192	1000_20240515153309_BOX_1_0_160_blue_tape.png
51	2	5	0	0.6954397394136808	0.413029315960912	0.8501628664495114	0.5195439739413681	1000_20240515153318_BOX_1_0_168_blue_tape.png
52	2	5	0	0.8908794788273615	0.45993485342019547	1.0456026058631922	0.5661237785016286	1000_20240515153327_BOX_1_0_178_blue_tape.png
53	2	5	2	0.0	0.5664495114006515	0.1005700325732899	0.6293159609120521	1000_20240515153335_BOX_1_0_140_gum.png
54	2	5	2	0.07899022801302931	0.5449511400651466	0.17996742671009772	0.6074918566775245	1000_20240515153344_BOX_1_0_145_gum.png
55	2	5	2	0.18118892508143322	0.5381107491856677	0.28216612377850164	0.6009771986970684	1000_20240515153353_BOX_1_0_150_gum.png
56	2	5	2	0.3957654723127036	0.5214983713355049	0.5085504885993485	0.5843648208469056	1000_20240515153402_BOX_1_0_160_gum.png
57	2	5	2	0.5936482084690554	0.5263843648208469	0.7064332247557004	0.5892508143322476	1000_20240515153411_BOX_1_0_168_gum.png
58	2	5	2	0.8061889250814332	0.5583061889250814	0.9189739413680782	0.6208469055374592	1000_20240515153420_BOX_1_0_178_gum.png
59	2	5	2	0.8583061889250815	0.5697068403908795	0.9710912052117264	0.6325732899022801	1000_20240515153429_BOX_1_0_181_gum.png
60	2	5	2	0.9201954397394136	0.5996742671009772	1.0329804560260587	0.6625407166123779	1000_20240515153438_BOX_1_0_186_gum.png
61	2	5	1	0.0248371335504886	0.5315960912052117	0.12296416938110749	0.5960912052117264	1000_20240515153447_BOX_1_0_145_black_tape.png
62	2	5	1	0.13110749185667753	0.5263843648208469	0.2288273615635179	0.5912052117263844	1000_20240515153456_BOX_1_0_150_black_tape.png
63	2	5	1	0.372557003257329	0.503257328990228	0.47068403908794787	0.5677524429967427	1000_20240515153504_BOX_1_0_160_black_tape.png
64	2	5	1	0.5643322475570033	0.506514657980456	0.6624592833876222	0.5710097719869707	1000_20240515153514_BOX_1_0_168_black_tape.png
65	2	5	1	0.7829804560260586	0.5315960912052117	0.8811074918566775	0.5960912052117264	1000_20240515153523_BOX_1_0_178_black_tape.png
66	2	5	1	0.8395765472312704	0.5482084690553746	0.9372964169381107	0.6127035830618892	1000_20240515153533_BOX_1_0_181_black_tape.png
67	2	5	1	0.9206026058631922	0.5583061889250814	1.018729641693811	0.6228013029315961	1000_20240515153542_BOX_1_0_186_black_tape.png
68	2	5	0	0.002035830618892508	0.7781758957654723	0.07899022801302931	0.8371335504885994	1000_20240515153551_BOX_1_0_150_blue_tape.png
69	2	5	0	0.1478013029315961	0.7449511400651466	0.2247557003257329	0.8035830618892508	1000_20240515153604_BOX_1_0_160_blue_tape.png
70	2	5	0	0.2976384364820847	0.7149837133550488	0.375	0.7736156351791531	1000_20240515153613_BOX_1_0_168_blue_tape.png
71	2	5	0	0.4539902280130293	0.711400651465798	0.5313517915309446	0.7703583061889251	1000_20240515153622_BOX_1_0_178_blue_tape.png
72	2	5	0	0.512214983713355	0.711400651465798	0.5895765472312704	0.7703583061889251	1000_20240515153631_BOX_1_0_181_blue_tape.png
73	2	5	0	0.5810260586319218	0.7198697068403909	0.6583876221498371	0.778827361563518	1000_20240515153640_BOX_1_0_186_blue_tape.png
74	2	5	0	0.622557003257329	0.7214983713355049	0.6999185667752443	0.780456026058632	1000_20240515153649_BOX_1_0_188_blue_tape.png
75	2	5	0	0.739413680781759	0.7413680781758958	0.8167752442996743	0.8003257328990228	1000_20240515153658_BOX_1_0_196_blue_tape.png
76	2	5	0	0.8041530944625407	0.7615635179153094	0.8811074918566775	0.8205211726384365	1000_20240515153706_BOX_1_0_200_blue_tape.png
77	2	5	0	0.8998371335504886	0.7915309446254072	0.9767915309446255	0.8504885993485342	1000_20240515153714_BOX_1_0_207_blue_tape.png
78	2	5	0	0.9332247557003257	0.8097719869706841	1.0101791530944626	0.8687296416938111	1000_20240515153723_BOX_1_0_209_blue_tape.png
79	2	5	0	0.9450325732899023	0.8299674267100977	1.0223941368078175	0.888599348534202	1000_20240515153731_BOX_1_0_212_blue_tape.png
80	2	5	1	0.004071661237785016	0.5765472312703583	0.17019543973941367	0.6771986970684039	1000_20240515153739_BOX_1_0_182_black_tape.png
81	2	5	1	0.08102605863192182	0.5547231270358306	0.2471498371335505	0.655700325732899	1000_20240515153749_BOX_1_0_186_black_tape.png
82	2	5	1	0.11237785016286644	0.5514657980456026	0.2785016286644951	0.6521172638436482	1000_20240515153758_BOX_1_0_188_black_tape.png
83	2	5	1	0.2662866449511401	0.5381107491856677	0.43281758957654726	0.6387622149837133	1000_20240515153806_BOX_1_0_196_black_tape.png
84	2	5	1	0.3583061889250814	0.5299674267100977	0.5244299674267101	0.6306188925081433	1000_20240515153815_BOX_1_0_200_black_tape.png
85	2	5	1	0.5187296416938111	0.5397394136807817	0.6848534201954397	0.6403908794788273	1000_20240515153823_BOX_1_0_207_black_tape.png
86	2	5	1	0.5769543973941368	0.5413680781758957	0.7430781758957655	0.6423452768729642	1000_20240515153831_BOX_1_0_209_black_tape.png
87	2	5	1	0.6392508143322475	0.5530944625407166	0.8057817589576547	0.6537459283387622	1000_20240515153839_BOX_1_0_212_black_tape.png
88	2	5	1	0.6665309446254072	0.5530944625407166	0.8326547231270358	0.6537459283387622	1000_20240515153848_BOX_1_0_214_black_tape.png
89	2	5	1	0.8041530944625407	0.5716612377850163	0.9702768729641694	0.6723127035830619	1000_20240515153857_BOX_1_0_221_black_tape.png
90	2	5	1	0.8827361563517915	0.5947882736156351	1.0488599348534202	0.6954397394136808	1000_20240515153905_BOX_1_0_227_black_tape.png
91	2	5	3	0.46457654723127034	0.8097719869706841	0.46742671009771986	0.8097719869706841	1000_20240515153914_BOX_1_0_200_leaf.png
92	2	5	1	0.9519543973941368	0.6899022801302932	0.9609120521172638	0.6954397394136808	1000_20240515153922_BOX_1_0_230_black_tape.png
93	2	5	0	0.03298045602605863	0.6465798045602605	0.18444625407166124	0.7413680781758958	1000_20240515153931_BOX_1_0_241_blue_tape.png
94	2	5	0	0.10179153094462541	0.6381107491856678	0.253257328990228	0.7332247557003257	1000_20240515153940_BOX_1_0_244_blue_tape.png
95	2	5	0	0.6486156351791531	0.3247557003257329	0.8118892508143323	0.43127035830618893	1000_20240515153950_BOX_1_0_5_blue_tape.png
96	2	5	0	0.7947882736156352	0.30814332247557	0.9580618892508144	0.41465798045602603	1000_20240515153959_BOX_1_0_14_blue_tape.png
97	2	5	0	0.884771986970684	0.26319218241042347	1.048045602605863	0.3697068403908795	1000_20240515154006_BOX_1_0_21_blue_tape.png
98	2	5	3	0.0	0.70814332247557	0.11726384364820847	0.780456026058632	1000_20240515154014_BOX_1_0_21_leaf.png
99	2	5	3	0.12255700325732899	0.7280130293159609	0.254885993485342	0.8003257328990228	1000_20240515154021_BOX_1_0_27_leaf.png
100	2	5	3	0.30822475570032576	0.7413680781758958	0.44014657980456023	0.8136807817589576	1000_20240515154029_BOX_1_0_35_leaf.png
101	2	5	3	0.5456026058631922	0.7413680781758958	0.6779315960912052	0.8136807817589576	1000_20240515154037_BOX_1_0_44_leaf.png
102	2	5	3	0.7662866449511401	0.7299674267100977	0.8986156351791531	0.8019543973941368	1000_20240515154045_BOX_1_0_52_leaf.png
103	2	5	3	0.9059446254071661	0.701628664495114	1.038273615635179	0.7736156351791531	1000_20240515154053_BOX_1_0_58_leaf.png
104	2	5	3	0.9067589576547231	0.6931596091205212	1.0386807817589576	0.7654723127035831	1000_20240515154101_BOX_1_0_60_leaf.png
105	2	5	1	0.004885993485342019	0.4530944625407166	0.13273615635179153	0.5576547231270358	1000_20240515154114_BOX_1_0_62_black_tape.png
106	2	5	1	0.1486156351791531	0.48469055374592834	0.2764657980456026	0.5892508143322476	1000_20240515154122_BOX_1_0_69_black_tape.png
107	2	5	1	0.2675081433224756	0.49641693811074916	0.3953583061889251	0.6009771986970684	1000_20240515154130_BOX_1_0_74_black_tape.png
108	2	5	1	0.44462540716612375	0.5	0.5720684039087948	0.6042345276872965	1000_20240515154138_BOX_1_0_81_black_tape.png
109	2	5	1	0.6465798045602605	0.49153094462540714	0.7744299674267101	0.5960912052117264	1000_20240515154147_BOX_1_0_90_black_tape.png
110	2	5	1	0.8424267100977199	0.4631921824104234	0.9702768729641694	0.5677524429967427	1000_20240515154155_BOX_1_0_98_black_tape.png
111	2	5	1	0.9096091205211726	0.4381107491856677	1.0374592833876222	0.542671009771987	1000_20240515154203_BOX_1_0_102_black_tape.png
112	2	5	3	0.0008143322475570033	0.3980456026058632	0.11970684039087948	0.4495114006514658	1000_20240515154211_BOX_1_0_64_leaf.png
113	2	5	3	0.08428338762214983	0.41661237785016286	0.20276872964169382	0.4811074918566775	1000_20240515154220_BOX_1_0_69_leaf.png
114	2	5	3	0.19462540716612378	0.43159609120521175	0.3135179153094462	0.4960912052117264	1000_20240515154229_BOX_1_0_74_leaf.png
115	2	5	3	0.3464983713355049	0.44136807817589574	0.46539087947882735	0.5061889250814332	1000_20240515154237_BOX_1_0_81_leaf.png
116	2	5	3	0.5342019543973942	0.44332247557003257	0.6530944625407166	0.5078175895765472	1000_20240515154245_BOX_1_0_90_leaf.png
117	2	5	3	0.7259771986970684	0.4247557003257329	0.8444625407166124	0.48957654723127036	1000_20240515154253_BOX_1_0_98_leaf.png
118	2	5	3	0.8110749185667753	0.40651465798045605	0.9299674267100977	0.4710097719869707	1000_20240515154301_BOX_1_0_102_leaf.png
119	2	5	3	0.8570846905537459	0.4	0.9759771986970684	0.46449511400651466	1000_20240515154310_BOX_1_0_105_leaf.png
120	2	5	3	0.8945439739413681	0.38469055374592837	1.0134364820846906	0.4495114006514658	1000_20240515154318_BOX_1_0_107_leaf.png
121	2	5	3	0.9161237785016286	0.3732899022801303	1.035016286644951	0.43778501628664496	1000_20240515154326_BOX_1_0_109_leaf.png
122	2	5	1	0.013436482084690555	0.21302931596091204	0.12011400651465798	0.3006514657980456	1000_20240515154334_BOX_1_0_49_black_tape.png
123	2	5	1	0.0989413680781759	0.23485342019543973	0.20561889250814333	0.3221498371335505	1000_20240515154342_BOX_1_0_54_black_tape.png
124	2	5	1	0.1738599348534202	0.2547231270358306	0.28053745928338764	0.3423452768729642	1000_20240515154350_BOX_1_0_60_black_tape.png
125	2	5	1	0.21539087947882737	0.2563517915309446	0.32247557003257327	0.3439739413680782	1000_20240515154359_BOX_1_0_62_black_tape.png
126	2	5	1	0.3570846905537459	0.2749185667752443	0.46416938110749184	0.36221498371335503	1000_20240515154412_BOX_1_0_70_black_tape.png
127	2	5	1	0.4527687296416938	0.2781758957654723	0.5598534201954397	0.36547231270358305	1000_20240515154420_BOX_1_0_76_black_tape.png
128	2	5	1	0.5529315960912052	0.2798045602605863	0.6596091205211726	0.36710097719869705	1000_20240515154428_BOX_1_0_81_black_tape.png
129	2	5	1	0.6925895765472313	0.25830618892508145	0.7992671009771987	0.3456026058631922	1000_20240515154436_BOX_1_0_90_black_tape.png
130	2	5	1	0.8277687296416938	0.21986970684039087	0.9348534201954397	0.3071661237785016	1000_20240515154444_BOX_1_0_98_black_tape.png
131	2	5	1	0.8925081433224755	0.20488599348534203	0.999185667752443	0.2921824104234528	1000_20240515154453_BOX_1_0_102_black_tape.png
132	2	5	1	0.9242671009771987	0.20325732899022803	1.0313517915309447	0.29055374592833877	1000_20240515154501_BOX_1_0_105_black_tape.png
133	2	5	3	0.6030130293159609	0.7413680781758958	0.6058631921824105	0.7413680781758958	1000_20240515154509_BOX_1_0_111_leaf.png
134	2	5	3	0.004885993485342019	0.21140065146579803	0.07043973941368079	0.2664495114006515	1000_20240515154518_BOX_1_0_83_leaf.png
135	2	5	3	0.06962540716612378	0.23485342019543973	0.1465798045602606	0.2899022801302932	1000_20240515154526_BOX_1_0_88_leaf.png
136	2	5	3	0.18607491856677524	0.26319218241042347	0.26343648208469056	0.3182410423452769	1000_20240515154535_BOX_1_0_95_leaf.png
137	2	5	3	0.30496742671009774	0.2814332247557003	0.38232899022801303	0.33648208469055374	1000_20240515154543_BOX_1_0_102_leaf.png
138	2	5	3	0.46539087947882735	0.28469055374592833	0.5427524429967426	0.3400651465798046	1000_20240515154551_BOX_1_0_111_leaf.png
139	2	5	3	0.6091205211726385	0.2697068403908795	0.6954397394136808	0.3250814332247557	1000_20240515154600_BOX_1_0_122_leaf.png
140	2	5	3	0.7487785016286646	0.2563517915309446	0.8346905537459284	0.31172638436482086	1000_20240515154609_BOX_1_0_131_leaf.png
141	2	5	3	0.865228013029316	0.22312703583061888	0.9515472312703583	0.2781758957654723	1000_20240515154617_BOX_1_0_138_leaf.png
142	2	5	3	0.9389250814332247	0.18664495114006516	1.025244299674267	0.24169381107491858	1000_20240515154626_BOX_1_0_145_leaf.png
143	2	5	2	0.0	0.5465798045602606	0.14087947882736157	0.6358306188925081	1000_20240515154634_BOX_1_0_128_gum.png
144	2	5	2	0.014250814332247556	0.5449511400651466	0.24429967426710097	0.6511400651465798	1000_20240515154646_BOX_1_0_131_gum.png
145	2	5	2	0.2520358306188925	0.5798045602605864	0.4820846905537459	0.6863192182410424	1000_20240515154655_BOX_1_0_141_gum.png
146	2	5	2	0.5207654723127035	0.5798045602605864	0.750814332247557	0.6863192182410424	1000_20240515154704_BOX_1_0_151_gum.png
147	2	5	2	0.7373778501628665	0.5547231270358306	0.9674267100977199	0.6612377850162866	1000_20240515154713_BOX_1_0_160_gum.png
148	2	5	2	0.8379478827361564	0.5315960912052117	1.0679967426710097	0.637785016286645	1000_20240515154721_BOX_1_0_165_gum.png
149	2	5	2	0.8921009771986971	0.5315960912052117	1.0451954397394136	0.637785016286645	1000_20240515154730_BOX_1_0_166_gum.png
150	2	5	2	0.9128664495114006	0.5198697068403909	1.0362377850162867	0.6263843648208469	1000_20240515154742_BOX_1_0_168_gum.png
151	2	5	1	0.0	0.24495114006514657	0.07532573289902281	0.3035830618892508	1000_20240515154753_BOX_1_0_173_black_tape.png
152	2	5	1	0.0	0.24657980456026057	0.11726384364820847	0.3205211726384365	1000_20240515154805_BOX_1_0_175_black_tape.png
153	2	5	1	0.10830618892508144	0.2680781758957655	0.2255700325732899	0.3423452768729642	1000_20240515154813_BOX_1_0_181_black_tape.png
154	2	5	1	0.1498371335504886	0.2749185667752443	0.2671009771986971	0.3488599348534202	1000_20240515154826_BOX_1_0_183_black_tape.png
155	2	5	1	0.23941368078175895	0.28827361563517917	0.3566775244299674	0.36221498371335503	1000_20240515154834_BOX_1_0_188_black_tape.png
156	2	5	1	0.36848534201954397	0.2996742671009772	0.48574918566775244	0.3739413680781759	1000_20240515154842_BOX_1_0_195_black_tape.png
157	2	5	1	0.49348534201954397	0.2980456026058632	0.6107491856677525	0.3723127035830619	1000_20240515154851_BOX_1_0_202_black_tape.png
158	2	5	1	0.6478013029315961	0.2814332247557003	0.7650651465798045	0.355700325732899	1000_20240515154859_BOX_1_0_211_black_tape.png
159	2	5	1	0.7267915309446255	0.2798045602605863	0.8440553745928339	0.354071661237785	1000_20240515154908_BOX_1_0_215_black_tape.png
160	2	5	1	0.7728013029315961	0.2648208469055375	0.8900651465798045	0.33908794788273616	1000_20240515154920_BOX_1_0_218_black_tape.png
161	2	5	1	0.875	0.23973941368078175	0.9922638436482085	0.31400651465798046	1000_20240515154929_BOX_1_0_224_black_tape.png
162	2	5	1	0.9169381107491856	0.21498371335504887	1.0342019543973942	0.28892508143322476	1000_20240515154937_BOX_1_0_229_black_tape.png
163	2	5	1	0.9482899022801303	0.21498371335504887	1.021172638436482	0.28501628664495116	1000_20240515154946_BOX_1_0_231_black_tape.png
164	2	5	2	0.0	0.7348534201954398	0.08143322475570032	0.8185667752442997	1000_20240515154954_BOX_1_0_180_gum.png
165	2	5	2	0.039495114006514655	0.7364820846905538	0.18933224755700326	0.8315960912052117	1000_20240515155003_BOX_1_0_183_gum.png
166	2	5	2	0.17060260586319217	0.7599348534201954	0.32043973941368076	0.8547231270358306	1000_20240515155011_BOX_1_0_188_gum.png
167	2	5	2	0.3770358306188925	0.7732899022801303	0.5268729641693811	0.8680781758957655	1000_20240515155020_BOX_1_0_195_gum.png
168	2	5	2	0.5643322475570033	0.7648208469055374	0.7141693811074918	0.8599348534201955	1000_20240515155028_BOX_1_0_202_gum.png
169	2	5	2	0.8017100977198697	0.7449511400651466	0.9519543973941368	0.8397394136807818	1000_20240515155036_BOX_1_0_211_gum.png
170	2	5	2	0.8941368078175895	0.7299674267100977	1.0439739413680782	0.8247557003257329	1000_20240515155045_BOX_1_0_215_gum.png
171	2	5	2	0.9401465798045603	0.7247557003257329	1.02442996742671	0.7931596091205212	1000_20240515155054_BOX_1_0_217_gum.png
172	2	5	0	0.0	0.2899022801302932	0.125814332247557	0.36188925081433226	1000_20240515155102_BOX_1_0_210_blue_tape.png
173	2	5	0	0.10179153094462541	0.3231270358306189	0.2280130293159609	0.39543973941368077	1000_20240515155115_BOX_1_0_217_blue_tape.png
174	2	5	0	0.28501628664495116	0.35146579804560263	0.41123778501628666	0.4237785016286645	1000_20240515155123_BOX_1_0_227_blue_tape.png
175	2	5	0	0.46661237785016285	0.35635179153094465	0.5928338762214984	0.4286644951140065	1000_20240515155132_BOX_1_0_236_blue_tape.png
176	2	5	0	0.5977198697068404	0.3449511400651466	0.7239413680781759	0.4169381107491857	1000_20240515155140_BOX_1_0_244_blue_tape.png
177	2	5	0	0.059039087947882735	0.45635179153094463	0.1958469055374593	0.5420195439739414	1000_20240515155150_BOX_1_0_1_blue_tape.png
178	2	5	0	0.125814332247557	0.30977198697068403	0.26221498371335505	0.39543973941368077	1000_20240515155158_BOX_1_0_2_blue_tape.png
179	2	5	0	0.15920195439739412	0.23322475570032572	0.2956026058631922	0.31856677524429966	1000_20240515155207_BOX_1_0_3_blue_tape.png
180	2	5	0	0.1758957654723127	0.2182410423452769	0.3122964169381108	0.26188925081433223	1000_20240515155216_BOX_1_0_4_blue_tape.png
181	2	5	0	0.19340390879478828	0.20977198697068403	0.30944625407166126	0.26221498371335505	1000_20240515155225_BOX_1_0_6_blue_tape.png
182	2	5	0	0.16978827361563517	0.20162866449511402	0.26465798045602607	0.26221498371335505	1000_20240515155237_BOX_1_0_8_blue_tape.png
183	2	5	0	0.1237785016286645	0.19153094462540718	0.2186482084690554	0.252442996742671	1000_20240515155247_BOX_1_0_11_blue_tape.png
184	2	5	0	0.038273615635179156	0.16807817589576549	0.13314332247557004	0.22899022801302932	1000_20240515155255_BOX_1_0_17_blue_tape.png
185	2	5	0	0.00040716612377850165	0.1449511400651466	0.09527687296416938	0.20553745928338762	1000_20240515155304_BOX_1_0_22_blue_tape.png
186	2	5	1	0.867671009771987	0.07654723127035831	0.9714983713355049	0.13550488599348534	1000_20240515155313_BOX_1_0_14_black_tape.png
187	2	5	1	0.8196254071661238	0.11661237785016286	0.9234527687296417	0.1755700325732899	1000_20240515155322_BOX_1_0_20_black_tape.png
188	2	5	1	0.7259771986970684	0.1482084690553746	0.8298045602605864	0.20716612377850163	1000_20240515155331_BOX_1_0_27_black_tape.png
189	2	5	1	0.6030130293159609	0.1732899022801303	0.7068403908794788	0.23192182410423454	1000_20240515155340_BOX_1_0_36_black_tape.png
190	2	5	1	0.4947068403908795	0.18827361563517916	0.5985342019543974	0.2472312703583062	1000_20240515155348_BOX_1_0_44_black_tape.png
191	2	5	1	0.3697068403908795	0.18664495114006516	0.4735342019543974	0.2452768729641694	1000_20240515155356_BOX_1_0_53_black_tape.png
192	2	5	1	0.24470684039087948	0.16970684039087947	0.3485342019543974	0.22866449511400652	1000_20240515155404_BOX_1_0_62_black_tape.png
193	2	5	1	0.12988599348534202	0.1449511400651466	0.23371335504885993	0.20358306188925082	1000_20240515155412_BOX_1_0_71_black_tape.png
194	2	5	1	0.04234527687296417	0.10977198697068404	0.1465798045602606	0.16872964169381108	1000_20240515155420_BOX_1_0_79_black_tape.png
195	2	5	1	0.021579804560260585	0.09804560260586319	0.1254071661237785	0.15700325732899023	1000_20240515155428_BOX_1_0_82_black_tape.png
196	2	5	1	0.00040716612377850165	0.0781758957654723	0.10423452768729642	0.13713355048859935	1000_20240515155436_BOX_1_0_85_black_tape.png
197	2	5	0	0.9572475570032574	0.16156351791530946	1.017915309446254	0.21465798045602605	1000_20240515155445_BOX_1_0_39_blue_tape.png
198	2	5	0	0.9238599348534202	0.18664495114006516	1.0052931596091206	0.24169381107491858	1000_20240515155453_BOX_1_0_42_blue_tape.png
199	2	5	0	0.8570846905537459	0.21302931596091204	0.9389250814332247	0.26840390879478826	1000_20240515155502_BOX_1_0_47_blue_tape.png
200	2	5	0	0.7214983713355049	0.24136807817589576	0.8033387622149837	0.296742671009772	1000_20240515155513_BOX_1_0_56_blue_tape.png
201	2	5	0	0.6758957654723127	0.25993485342019546	0.757328990228013	0.3149837133550489	1000_20240515155520_BOX_1_0_59_blue_tape.png
202	2	5	0	0.6465798045602605	0.26156351791530946	0.7284201954397395	0.3166123778501629	1000_20240515155528_BOX_1_0_61_blue_tape.png
203	2	5	0	0.5447882736156352	0.2680781758957655	0.6262214983713354	0.3231270358306189	1000_20240515155537_BOX_1_0_67_blue_tape.png
204	2	5	0	0.4759771986970684	0.2716612377850163	0.5574104234527687	0.3267100977198697	1000_20240515155545_BOX_1_0_71_blue_tape.png
205	2	5	0	0.31555374592833874	0.2664495114006515	0.3969869706840391	0.3214983713355049	1000_20240515155553_BOX_1_0_80_blue_tape.png
206	2	5	0	0.16978827361563517	0.24657980456026057	0.2512214983713355	0.301628664495114	1000_20240515155605_BOX_1_0_88_blue_tape.png
207	2	5	0	0.06555374592833876	0.21498371335504887	0.1469869706840391	0.27003257328990227	1000_20240515155614_BOX_1_0_96_blue_tape.png
208	2	5	0	0.00040716612377850165	0.18827361563517916	0.0492671009771987	0.2433224755700326	1000_20240515155623_BOX_1_0_102_blue_tape.png
209	2	5	3	0.9507328990228013	0.13973941368078177	1.01628664495114	0.1931596091205212	1000_20240515155632_BOX_1_0_53_leaf.png
210	2	5	3	0.871742671009772	0.18469055374592833	0.9368892508143323	0.23811074918566774	1000_20240515155640_BOX_1_0_59_leaf.png
211	2	5	3	0.8444625407166124	0.1931596091205212	0.9100162866449512	0.24625407166123778	1000_20240515155648_BOX_1_0_61_leaf.png
212	2	5	3	0.761400651465798	0.21661237785016288	0.8265472312703583	0.2697068403908795	1000_20240515155656_BOX_1_0_67_leaf.png
213	2	5	3	0.7048045602605864	0.22996742671009773	0.7703583061889251	0.2830618892508143	1000_20240515155704_BOX_1_0_71_leaf.png
214	2	5	3	0.5590390879478827	0.24657980456026057	0.6245928338762216	0.2996742671009772	1000_20240515155712_BOX_1_0_80_leaf.png
215	2	5	3	0.40920195439739415	0.24820846905537458	0.4743485342019544	0.30130293159609123	1000_20240515155721_BOX_1_0_88_leaf.png
216	2	5	3	0.2903094462540717	0.2433224755700326	0.3558631921824104	0.2964169381107492	1000_20240515155729_BOX_1_0_96_leaf.png
217	2	5	3	0.19258957654723127	0.2315960912052117	0.25773615635179153	0.28469055374592833	1000_20240515155738_BOX_1_0_102_leaf.png
218	2	5	3	0.1758957654723127	0.2280130293159609	0.24104234527687296	0.2814332247557003	1000_20240515155747_BOX_1_0_103_leaf.png
219	2	5	3	0.052931596091205214	0.18827361563517916	0.11807817589576547	0.24136807817589576	1000_20240515155756_BOX_1_0_112_leaf.png
220	2	5	1	0.9092019543973942	0.051465798045602605	0.9776058631921825	0.09902280130293159	1000_20240515155805_BOX_1_0_48_black_tape.png
221	2	5	1	0.8611563517915309	0.08469055374592833	0.9295602605863192	0.13224755700325733	1000_20240515155813_BOX_1_0_54_black_tape.png
222	2	5	1	0.7854234527687296	0.11530944625407166	0.8538273615635179	0.16286644951140064	1000_20240515155821_BOX_1_0_60_black_tape.png
223	2	5	1	0.7801302931596091	0.11661237785016286	0.8481270358306189	0.16384364820846906	1000_20240515155829_BOX_1_0_61_black_tape.png
224	2	5	1	0.7092833876221498	0.13485342019543975	0.7772801302931596	0.18241042345276873	1000_20240515155837_BOX_1_0_67_black_tape.png
225	2	5	1	0.6673452768729642	0.15146579804560262	0.7357491856677525	0.1990228013029316	1000_20240515155845_BOX_1_0_71_black_tape.png
226	2	5	1	0.5403094462540716	0.1732899022801303	0.6087133550488599	0.22052117263843649	1000_20240515155855_BOX_1_0_80_black_tape.png
227	2	5	1	0.42793159609120524	0.17980456026058633	0.4963355048859935	0.2273615635179153	1000_20240515155904_BOX_1_0_88_black_tape.png
228	2	5	1	0.3298045602605863	0.16482084690553747	0.3982084690553746	0.21237785016286645	1000_20240515155912_BOX_1_0_96_black_tape.png
229	2	5	1	0.250814332247557	0.1482084690553746	0.31921824104234525	0.19576547231270358	1000_20240515155922_BOX_1_0_102_black_tape.png
230	2	5	1	0.24022801302931596	0.1482084690553746	0.30863192182410426	0.19576547231270358	1000_20240515155931_BOX_1_0_103_black_tape.png
231	2	5	1	0.13843648208469056	0.11661237785016286	0.20643322475570033	0.16416938110749185	1000_20240515155939_BOX_1_0_112_black_tape.png
232	2	5	1	0.07166123778501629	0.09153094462540716	0.14006514657980457	0.13908794788273615	1000_20240515155948_BOX_1_0_117_black_tape.png
233	2	5	0	0.8155537459283387	0.06970684039087947	0.8986156351791531	0.11726384364820847	1000_20240515155956_BOX_1_0_60_blue_tape.png
234	2	5	0	0.7736156351791531	0.1	0.8570846905537459	0.1472312703583062	1000_20240515160004_BOX_1_0_66_blue_tape.png
235	2	5	0	0.7153908794788274	0.11498371335504887	0.7984527687296417	0.16221498371335505	1000_20240515160012_BOX_1_0_71_blue_tape.png
236	2	5	0	0.6070846905537459	0.13973941368078177	0.6901465798045603	0.18729641693811075	1000_20240515160021_BOX_1_0_80_blue_tape.png
237	2	5	0	0.500814332247557	0.15146579804560262	0.5838762214983714	0.1990228013029316	1000_20240515160029_BOX_1_0_88_blue_tape.png
238	2	5	0	0.40716612377850164	0.15146579804560262	0.49022801302931596	0.1990228013029316	1000_20240515160038_BOX_1_0_96_blue_tape.png
239	2	5	0	0.3342833876221498	0.1449511400651466	0.4173452768729642	0.19218241042345277	1000_20240515160047_BOX_1_0_102_blue_tape.png
240	2	5	0	0.31962540716612375	0.13973941368078177	0.4026872964169381	0.18729641693811075	1000_20240515160056_BOX_1_0_103_blue_tape.png
241	2	5	0	0.21539087947882737	0.1247557003257329	0.2984527687296417	0.1723127035830619	1000_20240515160105_BOX_1_0_112_blue_tape.png
242	2	5	0	0.1486156351791531	0.10162866449511401	0.23208469055374592	0.1488599348534202	1000_20240515160114_BOX_1_0_117_blue_tape.png
243	2	5	2	0.8196254071661238	0.11140065146579804	0.8640065146579805	0.14006514657980457	1000_20240515160122_BOX_1_0_60_gum.png
244	2	5	2	0.7695439739413681	0.13648208469055376	0.8139250814332247	0.16514657980456027	1000_20240515160130_BOX_1_0_65_gum.png
245	2	5	2	0.6966612377850163	0.1563517915309446	0.741042345276873	0.18501628664495115	1000_20240515160138_BOX_1_0_71_gum.png
246	2	5	2	0.5822475570032574	0.17980456026058633	0.626628664495114	0.20846905537459284	1000_20240515160146_BOX_1_0_80_gum.png
247	2	5	2	0.46539087947882735	0.18664495114006516	0.5248371335504886	0.21889250814332248	1000_20240515160158_BOX_1_0_88_gum.png
248	2	5	2	0.35912052117263843	0.18306188925081432	0.4185667752442997	0.21530944625407167	1000_20240515160206_BOX_1_0_96_gum.png
249	2	5	2	0.28623778501628666	0.1732899022801303	0.34568403908794787	0.20553745928338762	1000_20240515160216_BOX_1_0_102_gum.png
250	2	5	2	0.2715798045602606	0.16970684039087947	0.3310260586319218	0.2022801302931596	1000_20240515160225_BOX_1_0_103_gum.png
251	2	5	2	0.15513029315960913	0.14332247557003258	0.21457654723127037	0.1755700325732899	1000_20240515160234_BOX_1_0_112_gum.png
252	2	5	2	0.10301302931596092	0.12312703583061889	0.16245928338762214	0.15537459283387622	1000_20240515160242_BOX_1_0_117_gum.png
253	2	5	3	0.9197882736156352	0.07980456026058631	1.014657980456026	0.13876221498371336	1000_20240515160251_BOX_1_0_123_leaf.png
254	2	5	3	0.8843648208469055	0.10977198697068404	0.9792345276872965	0.16872964169381108	1000_20240515160259_BOX_1_0_130_leaf.png
255	2	5	3	0.8257328990228013	0.13485342019543975	0.9210097719869706	0.19381107491856678	1000_20240515160308_BOX_1_0_135_leaf.png
256	2	5	3	0.7153908794788274	0.1716612377850163	0.8102605863192183	0.23029315960912053	1000_20240515160317_BOX_1_0_144_leaf.png
257	2	5	3	0.615228013029316	0.1931596091205212	0.7105048859934854	0.2521172638436482	1000_20240515160325_BOX_1_0_152_leaf.png
258	2	5	3	0.48615635179153094	0.19641693811074917	0.5814332247557004	0.2553745928338762	1000_20240515160334_BOX_1_0_160_leaf.png
259	2	5	3	0.3464983713355049	0.2	0.44177524429967424	0.2586319218241042	1000_20240515160343_BOX_1_0_169_leaf.png
260	2	5	3	0.23208469055374592	0.18469055374592833	0.3269543973941368	0.24364820846905538	1000_20240515160351_BOX_1_0_177_leaf.png
261	2	5	3	0.18200325732899023	0.1749185667752443	0.2772801302931596	0.23387622149837134	1000_20240515160400_BOX_1_0_181_leaf.png
262	2	5	3	0.15716612377850162	0.16807817589576549	0.2520358306188925	0.22703583061889251	1000_20240515160408_BOX_1_0_183_leaf.png
263	2	5	3	0.07573289902280131	0.13648208469055376	0.17100977198697068	0.19543973941368079	1000_20240515160416_BOX_1_0_190_leaf.png
264	2	5	3	0.048452768729641695	0.13192182410423453	0.14372964169381108	0.19087947882736156	1000_20240515160425_BOX_1_0_192_leaf.png
265	2	5	3	0.008550488599348535	0.11465798045602606	0.10342019543973942	0.1736156351791531	1000_20240515160433_BOX_1_0_196_leaf.png
266	2	5	3	0.9385179153094463	0.304885993485342	1.0260586319218241	0.38469055374592837	1000_20240515160442_BOX_1_0_131_leaf.png
267	2	5	3	0.9112377850162866	0.33485342019543973	0.9987785016286646	0.41465798045602603	1000_20240515160453_BOX_1_0_135_leaf.png
268	2	5	3	0.740228013029316	0.36482084690553745	0.8281758957654723	0.44462540716612375	1000_20240515160502_BOX_1_0_144_leaf.png
269	2	5	3	0.5696254071661238	0.38664495114006514	0.6571661237785016	0.46644951140065144	1000_20240515160511_BOX_1_0_152_leaf.png
270	2	5	3	0.40716612377850164	0.38664495114006514	0.4947068403908795	0.46644951140065144	1000_20240515160519_BOX_1_0_160_leaf.png
271	2	5	3	0.20928338762214985	0.3732899022801303	0.30578175895765475	0.4530944625407166	1000_20240515160528_BOX_1_0_169_leaf.png
272	2	5	3	0.04234527687296417	0.3498371335504886	0.15960912052117263	0.4296416938110749	1000_20240515160537_BOX_1_0_177_leaf.png
273	2	5	3	0.00040716612377850165	0.3299674267100977	0.11767100977198697	0.40977198697068407	1000_20240515160546_BOX_1_0_181_leaf.png
274	2	5	1	0.867671009771987	0.13811074918566776	0.9596905537459284	0.18957654723127035	1000_20240515160554_BOX_1_0_145_black_tape.png
275	2	5	1	0.7593648208469055	0.17817589576547233	0.8513843648208469	0.2293159609120521	1000_20240515160602_BOX_1_0_155_black_tape.png
276	2	5	1	0.5924267100977199	0.206514657980456	0.6844462540716613	0.25765472312703586	1000_20240515160611_BOX_1_0_166_black_tape.png
277	2	5	1	0.5590390879478827	0.2182410423452769	0.6510586319218241	0.2693811074918567	1000_20240515160619_BOX_1_0_168_black_tape.png
278	2	5	1	0.43403908794788276	0.21661237785016288	0.5260586319218241	0.26775244299674267	1000_20240515160628_BOX_1_0_177_black_tape.png
279	2	5	1	0.3697068403908795	0.2182410423452769	0.46172638436482083	0.2693811074918567	1000_20240515160636_BOX_1_0_181_black_tape.png
280	2	5	1	0.33631921824104233	0.21661237785016288	0.42833876221498374	0.26775244299674267	1000_20240515160644_BOX_1_0_183_black_tape.png
281	2	5	1	0.24022801302931596	0.20325732899022803	0.3326547231270358	0.25439739413680784	1000_20240515160652_BOX_1_0_190_black_tape.png
282	2	5	1	0.10912052117263844	0.16644951140065148	0.2011400651465798	0.21791530944625406	1000_20240515160701_BOX_1_0_199_black_tape.png
283	2	5	1	0.07166123778501629	0.16156351791530946	0.16368078175895764	0.21270358306188925	1000_20240515160709_BOX_1_0_203_black_tape.png
284	2	5	1	0.00040716612377850165	0.11986970684039087	0.09242671009771987	0.17100977198697068	1000_20240515160718_BOX_1_0_208_black_tape.png
285	2	5	2	0.9425895765472313	0.2749185667752443	1.019543973941368	0.33941368078175893	1000_20240515160727_BOX_1_0_165_gum.png
286	2	5	2	0.9153094462540716	0.2964169381107492	1.0280944625407167	0.36123778501628667	1000_20240515160735_BOX_1_0_168_gum.png
287	2	5	2	0.761400651465798	0.33485342019543973	0.874185667752443	0.3993485342019544	1000_20240515160743_BOX_1_0_177_gum.png
288	2	5	2	0.6758957654723127	0.3498371335504886	0.7886807817589576	0.41433224755700326	1000_20240515160752_BOX_1_0_181_gum.png
289	2	5	2	0.6425081433224755	0.35146579804560263	0.7552931596091205	0.41596091205211727	1000_20240515160800_BOX_1_0_183_gum.png
290	2	5	2	0.5093648208469055	0.36156351791530944	0.6221498371335505	0.4260586319218241	1000_20240515160808_BOX_1_0_190_gum.png
291	2	5	2	0.31107491856677527	0.35993485342019543	0.4242671009771987	0.4244299674267101	1000_20240515160817_BOX_1_0_199_gum.png
292	2	5	2	0.23819218241042345	0.3498371335504886	0.3509771986970684	0.41433224755700326	1000_20240515160825_BOX_1_0_203_gum.png
293	2	5	2	0.14047231270358307	0.3433224755700326	0.253257328990228	0.40781758957654723	1000_20240515160834_BOX_1_0_208_gum.png
294	2	5	2	0.09242671009771987	0.3332247557003257	0.20521172638436483	0.39771986970684037	1000_20240515160843_BOX_1_0_211_gum.png
295	2	5	2	0.0008143322475570033	0.30814332247557	0.11359934853420195	0.37263843648208467	1000_20240515160852_BOX_1_0_216_gum.png
296	2	5	2	0.00040716612377850165	0.2996742671009772	0.11319218241042345	0.36449511400651463	1000_20240515160901_BOX_1_0_219_gum.png
297	2	5	0	0.9653908794788274	0.11986970684039087	1.0142508143322475	0.16938110749185667	1000_20240515160910_BOX_1_0_191_blue_tape.png
298	2	5	0	0.9112377850162866	0.13648208469055376	0.9898208469055375	0.2221498371335505	1000_20240515160918_BOX_1_0_197_blue_tape.png
299	2	5	0	0.8216612377850163	0.15830618892508144	0.9328175895765473	0.24364820846905538	1000_20240515160926_BOX_1_0_203_blue_tape.png
300	2	5	0	0.740228013029316	0.18664495114006516	0.8517915309446255	0.2719869706840391	1000_20240515160935_BOX_1_0_208_blue_tape.png
301	2	5	0	0.7007328990228013	0.19641693811074917	0.8122964169381107	0.2820846905537459	1000_20240515160944_BOX_1_0_211_blue_tape.png
302	2	5	0	0.625814332247557	0.21302931596091204	0.7369706840390879	0.2986970684039088	1000_20240515160952_BOX_1_0_216_blue_tape.png
303	2	5	0	0.5842833876221498	0.21140065146579803	0.6954397394136808	0.2970684039087948	1000_20240515161001_BOX_1_0_219_blue_tape.png
304	2	5	0	0.5529315960912052	0.21498371335504887	0.6640879478827362	0.3003257328990228	1000_20240515161010_BOX_1_0_220_blue_tape.png
305	2	5	0	0.44055374592833874	0.2247557003257329	0.5517100977198697	0.3104234527687296	1000_20240515161020_BOX_1_0_229_blue_tape.png
306	2	5	0	0.36319218241042345	0.2182410423452769	0.4747557003257329	0.3035830618892508	1000_20240515161028_BOX_1_0_234_blue_tape.png
307	2	5	0	0.30903908794788276	0.22312703583061888	0.4206026058631922	0.3087947882736156	1000_20240515161038_BOX_1_0_238_blue_tape.png
308	2	5	0	0.5447882736156352	0.3498371335504886	0.5504885993485342	0.3517915309446254	1000_20240515161047_BOX_1_0_238_blue_tape.png
309	2	5	0	0.11522801302931596	0.4749185667752443	0.30537459283387625	0.5925081433224756	1000_20240515161057_BOX_1_0_5_blue_tape.png
310	2	5	0	0.21946254071661236	0.49478827361563515	0.40960912052117265	0.6127035830618892	1000_20240515161106_BOX_1_0_11_blue_tape.png
311	2	5	0	0.4507328990228013	0.509771986970684	0.6408794788273615	0.6276872964169381	1000_20240515161113_BOX_1_0_21_blue_tape.png
312	2	5	0	0.6885179153094463	0.4781758957654723	0.878257328990228	0.5960912052117264	1000_20240515161121_BOX_1_0_31_blue_tape.png
313	2	5	0	0.8342833876221498	0.4514657980456026	1.0240228013029316	0.5693811074918567	1000_20240515161128_BOX_1_0_37_blue_tape.png
314	2	5	0	0.866042345276873	0.4449511400651466	1.0561889250814331	0.5625407166123778	1000_20240515161136_BOX_1_0_41_blue_tape.png
315	2	5	2	0.0	0.7765472312703583	0.07858306188925081	0.8429967426710098	1000_20240515161146_BOX_1_0_36_gum.png
316	2	5	2	0.002035830618892508	0.7798045602605863	0.125	0.8462540716612378	1000_20240515161154_BOX_1_0_37_gum.png
317	2	5	2	0.039495114006514655	0.7866449511400652	0.22190553745928338	0.8625407166123779	1000_20240515161205_BOX_1_0_40_gum.png
318	2	5	2	0.2247557003257329	0.8081433224755701	0.40757328990228014	0.8840390879478828	1000_20240515161213_BOX_1_0_47_gum.png
319	2	5	2	0.4580618892508143	0.8130293159609121	0.6408794788273615	0.8892508143322475	1000_20240515161221_BOX_1_0_56_gum.png
320	2	5	2	0.6767100977198697	0.7980456026058632	0.8595276872964169	0.8742671009771987	1000_20240515161230_BOX_1_0_64_gum.png
321	2	5	2	0.8330618892508144	0.7781758957654723	1.0158794788273615	0.854071661237785	1000_20240515161238_BOX_1_0_70_gum.png
322	2	5	2	0.880700325732899	0.7716612377850163	1.0374592833876222	0.847557003257329	1000_20240515161246_BOX_1_0_71_gum.png
323	2	5	2	0.9254885993485342	0.7732899022801303	1.0309446254071661	0.849185667752443	1000_20240515161255_BOX_1_0_73_gum.png
324	2	5	2	0.9254885993485342	0.7583061889250814	1.0309446254071661	0.8342019543973941	1000_20240515161303_BOX_1_0_74_gum.png
325	2	5	1	0.0	0.4247557003257329	0.08754071661237785	0.48957654723127036	1000_20240515161311_BOX_1_0_51_black_tape.png
326	2	5	1	0.08509771986970684	0.4530944625407166	0.1966612377850163	0.5179153094462541	1000_20240515161319_BOX_1_0_56_black_tape.png
327	2	5	1	0.2186482084690554	0.4631921824104234	0.3298045602605863	0.5276872964169381	1000_20240515161328_BOX_1_0_62_black_tape.png
328	2	5	1	0.2996742671009772	0.4716612377850163	0.41123778501628666	0.536156351791531	1000_20240515161336_BOX_1_0_66_black_tape.png
329	2	5	1	0.40390879478827363	0.4781758957654723	0.5154723127035831	0.542671009771987	1000_20240515161345_BOX_1_0_71_black_tape.png
330	2	5	1	0.47068403908794787	0.48143322475570033	0.5818403908794788	0.5462540716612377	1000_20240515161353_BOX_1_0_74_black_tape.png
331	2	5	1	0.5187296416938111	0.4798045602605863	0.629885993485342	0.544299674267101	1000_20240515161401_BOX_1_0_76_black_tape.png
332	2	5	1	0.6311074918566775	0.4732899022801303	0.7422638436482085	0.537785016286645	1000_20240515161409_BOX_1_0_82_black_tape.png
333	2	5	1	0.8041530944625407	0.4482084690553746	0.9153094462540716	0.5127035830618892	1000_20240515161418_BOX_1_0_89_black_tape.png
334	2	5	1	0.9214169381107492	0.41498371335504886	1.0325732899022801	0.4794788273615635	1000_20240515161426_BOX_1_0_96_black_tape.png
335	2	5	1	0.9214169381107492	0.40488599348534204	1.0325732899022801	0.4693811074918567	1000_20240515161434_BOX_1_0_97_black_tape.png
336	2	5	3	0.0	0.3980456026058632	0.06677524429967427	0.43615635179153095	1000_20240515161442_BOX_1_0_62_leaf.png
337	2	5	3	0.04356677524429967	0.40651465798045605	0.13110749185667753	0.46351791530944625	1000_20240515161450_BOX_1_0_66_leaf.png
338	2	5	3	0.13721498371335505	0.4247557003257329	0.2247557003257329	0.48175895765472315	1000_20240515161459_BOX_1_0_71_leaf.png
339	2	5	3	0.20195439739413681	0.43322475570032576	0.2894951140065147	0.49022801302931596	1000_20240515161507_BOX_1_0_74_leaf.png
340	2	5	3	0.247557003257329	0.43322475570032576	0.3350977198697068	0.49022801302931596	1000_20240515161515_BOX_1_0_76_leaf.png
341	2	5	3	0.3497557003257329	0.44332247557003257	0.4372964169381108	0.5003257328990228	1000_20240515161523_BOX_1_0_82_leaf.png
342	2	5	3	0.5228013029315961	0.4465798045602606	0.6103420195439739	0.5035830618892508	1000_20240515161531_BOX_1_0_89_leaf.png
343	2	5	3	0.6726384364820847	0.4364820846905538	0.7601791530944625	0.49348534201954397	1000_20240515161539_BOX_1_0_96_leaf.png
344	2	5	3	0.6913680781758957	0.43322475570032576	0.7789087947882736	0.49022801302931596	1000_20240515161548_BOX_1_0_97_leaf.png
345	2	5	3	0.7227198697068404	0.42996742671009774	0.8102605863192183	0.48697068403908794	1000_20240515161556_BOX_1_0_98_leaf.png
346	2	5	3	0.8851791530944625	0.3964169381107492	0.9727198697068404	0.45342019543973944	1000_20240515161604_BOX_1_0_106_leaf.png
347	2	5	3	0.9381107491856677	0.36807817589576547	1.0256514657980456	0.4250814332247557	1000_20240515161612_BOX_1_0_110_leaf.png
348	2	5	3	0.0	0.2263843648208469	0.05456026058631922	0.28729641693811075	1000_20240515161623_BOX_1_0_71_leaf.png
349	2	5	3	0.020765472312703582	0.24820846905537458	0.10830618892508144	0.30912052117263844	1000_20240515161631_BOX_1_0_74_leaf.png
350	2	5	3	0.05171009771986971	0.2498371335504886	0.13965798045602607	0.31074918566775245	1000_20240515161639_BOX_1_0_76_leaf.png
351	2	5	3	0.13517915309446255	0.2716612377850163	0.22271986970684038	0.3322475570032573	1000_20240515161648_BOX_1_0_82_leaf.png
352	2	5	3	0.2687296416938111	0.2899022801302932	0.3562703583061889	0.3504885993485342	1000_20240515161656_BOX_1_0_89_leaf.png
353	2	5	3	0.38517915309446255	0.2964169381107492	0.4727198697068404	0.357328990228013	1000_20240515161704_BOX_1_0_96_leaf.png
354	2	5	3	0.41001628664495116	0.2947882736156352	0.4979641693811075	0.355700325732899	1000_20240515161713_BOX_1_0_97_leaf.png
355	2	5	3	0.43118892508143325	0.301628664495114	0.5187296416938111	0.36221498371335503	1000_20240515161721_BOX_1_0_98_leaf.png
356	2	5	3	0.5749185667752443	0.2964169381107492	0.6624592833876222	0.357328990228013	1000_20240515161729_BOX_1_0_106_leaf.png
357	2	5	3	0.6518729641693811	0.2964169381107492	0.739413680781759	0.357328990228013	1000_20240515161738_BOX_1_0_110_leaf.png
358	2	5	3	0.6706026058631922	0.2830618892508143	0.75814332247557	0.3439739413680782	1000_20240515161746_BOX_1_0_112_leaf.png
359	2	5	3	0.7768729641693811	0.2680781758957655	0.864413680781759	0.3289902280130293	1000_20240515161754_BOX_1_0_118_leaf.png
360	2	5	3	0.7976384364820847	0.26156351791530946	0.8851791530944625	0.3221498371335505	1000_20240515161803_BOX_1_0_120_leaf.png
361	2	5	3	0.8310260586319218	0.24820846905537458	0.9185667752442996	0.30912052117263844	1000_20240515161811_BOX_1_0_123_leaf.png
362	2	5	3	0.8623778501628665	0.23485342019543973	0.9499185667752443	0.29576547231270356	1000_20240515161820_BOX_1_0_126_leaf.png
363	2	5	3	0.8978013029315961	0.22996742671009773	0.9853420195439739	0.29055374592833877	1000_20240515161829_BOX_1_0_128_leaf.png
364	2	5	3	0.9291530944625407	0.22149837133550487	1.0166938110749186	0.28241042345276873	1000_20240515161838_BOX_1_0_130_leaf.png
365	2	5	3	0.9381107491856677	0.22149837133550487	1.0256514657980456	0.28241042345276873	1000_20240515161847_BOX_1_0_132_leaf.png
366	2	5	3	0.0	0.8332247557003257	0.06066775244299674	0.9091205211726384	1000_20240515161855_BOX_1_0_73_leaf.png
367	2	5	3	0.018729641693811076	0.8332247557003257	0.1775244299674267	0.9511400651465798	1000_20240515161904_BOX_1_0_76_leaf.png
368	2	5	3	0.1478013029315961	0.8433224755700326	0.30659609120521175	0.9609120521172638	1000_20240515161912_BOX_1_0_82_leaf.png
369	2	5	3	0.3705211726384365	0.8498371335504886	0.5293159609120521	0.9677524429967427	1000_20240515161920_BOX_1_0_89_leaf.png
370	2	5	3	0.5728827361563518	0.8563517915309447	0.7316775244299675	0.9742671009771987	1000_20240515161928_BOX_1_0_96_leaf.png
371	2	5	3	0.5977198697068404	0.8530944625407166	0.756514657980456	0.9710097719869707	1000_20240515161936_BOX_1_0_97_leaf.png
372	2	5	3	0.6311074918566775	0.8514657980456026	0.7899022801302932	0.9693811074918567	1000_20240515161945_BOX_1_0_98_leaf.png
373	2	5	3	0.8456840390879479	0.8166123778501628	1.0044788273615635	0.9342019543973942	1000_20240515161953_BOX_1_0_106_leaf.png
374	2	5	3	0.8880293159609121	0.8166123778501628	1.0468241042345277	0.9342019543973942	1000_20240515162001_BOX_1_0_110_leaf.png
375	2	5	0	0.0	0.2648208469055375	0.15553745928338764	0.3218241042345277	1000_20240515162009_BOX_1_0_132_blue_tape.png
376	2	5	0	0.06229641693811075	0.2798045602605863	0.2182410423452769	0.33680781758957656	1000_20240515162018_BOX_1_0_136_blue_tape.png
377	2	5	0	0.1457654723127036	0.304885993485342	0.30130293159609123	0.36188925081433226	1000_20240515162027_BOX_1_0_142_blue_tape.png
378	2	5	0	0.2662866449511401	0.3182410423452769	0.4222312703583062	0.3752442996742671	1000_20240515162036_BOX_1_0_148_blue_tape.png
379	2	5	0	0.41001628664495116	0.3182410423452769	0.5659609120521173	0.3752442996742671	1000_20240515162045_BOX_1_0_156_blue_tape.png
380	2	5	0	0.5810260586319218	0.3149837133550489	0.7369706840390879	0.3719869706840391	1000_20240515162053_BOX_1_0_165_blue_tape.png
381	2	5	0	0.6934039087947883	0.304885993485342	0.8493485342019544	0.36188925081433226	1000_20240515162102_BOX_1_0_171_blue_tape.png
382	2	5	0	0.8041530944625407	0.2716612377850163	0.9596905537459284	0.3286644951140065	1000_20240515162110_BOX_1_0_178_blue_tape.png
383	2	5	0	0.8477198697068404	0.2697068403908795	1.0036644951140066	0.3267100977198697	1000_20240515162119_BOX_1_0_181_blue_tape.png
384	2	5	0	0.8892508143322475	0.2530944625407166	1.0451954397394136	0.31009771986970686	1000_20240515162127_BOX_1_0_184_blue_tape.png
385	2	5	0	0.9401465798045603	0.23811074918566774	1.02442996742671	0.29511400651465797	1000_20240515162136_BOX_1_0_186_blue_tape.png
386	2	5	2	0.0	0.3449511400651466	0.10504885993485343	0.39218241042345275	1000_20240515162144_BOX_1_0_138_gum.png
387	2	5	2	0.0496742671009772	0.3583061889250814	0.15513029315960913	0.40553745928338764	1000_20240515162152_BOX_1_0_141_gum.png
388	2	5	2	0.16449511400651465	0.37980456026058634	0.2992671009771987	0.44071661237785015	1000_20240515162201_BOX_1_0_148_gum.png
389	2	5	2	0.33957654723127034	0.3964169381107492	0.4743485342019544	0.45732899022801304	1000_20240515162210_BOX_1_0_156_gum.png
390	2	5	2	0.5207654723127035	0.3947882736156352	0.6555374592833876	0.45570032573289904	1000_20240515162219_BOX_1_0_165_gum.png
391	2	5	2	0.6392508143322475	0.38143322475570035	0.7744299674267101	0.44234527687296415	1000_20240515162228_BOX_1_0_171_gum.png
392	2	5	2	0.7894951140065146	0.36482084690553745	0.9242671009771987	0.4257328990228013	1000_20240515162237_BOX_1_0_178_gum.png
393	2	5	2	0.8558631921824105	0.3433224755700326	0.991042345276873	0.40390879478827363	1000_20240515162245_BOX_1_0_181_gum.png
394	2	5	2	0.887214983713355	0.3315960912052117	1.0223941368078175	0.39218241042345275	1000_20240515162253_BOX_1_0_184_gum.png
395	2	5	2	0.9047231270358306	0.32801302931596094	1.0394951140065147	0.38892508143322474	1000_20240515162302_BOX_1_0_186_gum.png
396	2	5	1	0.0	0.303257328990228	0.05171009771986971	0.36026058631921826	1000_20240515162310_BOX_1_0_137_black_tape.png
397	2	5	1	0.04356677524429967	0.3198697068403909	0.12825732899022801	0.38436482084690554	1000_20240515162319_BOX_1_0_141_black_tape.png
398	2	5	1	0.16449511400651465	0.3482084690553746	0.249185667752443	0.41270358306188926	1000_20240515162328_BOX_1_0_148_black_tape.png
399	2	5	1	0.32043973941368076	0.35635179153094465	0.40513029315960913	0.42117263843648206	1000_20240515162337_BOX_1_0_156_black_tape.png
400	2	5	1	0.5142508143322475	0.3732899022801303	0.5989413680781759	0.43778501628664496	1000_20240515162346_BOX_1_0_165_black_tape.png
401	2	5	1	0.629071661237785	0.36319218241042345	0.7137622149837134	0.4276872964169381	1000_20240515162354_BOX_1_0_171_black_tape.png
402	2	5	1	0.7601791530944625	0.34136807817589576	0.8448697068403909	0.4061889250814332	1000_20240515162403_BOX_1_0_178_black_tape.png
403	2	5	1	0.8102605863192183	0.33811074918566775	0.8949511400651465	0.4029315960912052	1000_20240515162411_BOX_1_0_181_black_tape.png
404	2	5	1	0.868485342019544	0.3231270358306189	0.9531758957654723	0.38762214983713356	1000_20240515162420_BOX_1_0_184_black_tape.png
405	2	5	1	0.8892508143322475	0.3149837133550489	0.9739413680781759	0.3794788273615635	1000_20240515162432_BOX_1_0_186_black_tape.png
406	2	5	1	0.9372964169381107	0.3	1.021986970684039	0.36449511400651463	1000_20240515162441_BOX_1_0_188_black_tape.png
407	2	5	3	0.0	0.5449511400651466	0.09324104234527687	0.6208469055374592	1000_20240515162450_BOX_1_0_144_leaf.png
408	2	5	3	0.05171009771986971	0.5599348534201954	0.18973941368078176	0.637785016286645	1000_20240515162458_BOX_1_0_148_leaf.png
409	2	5	3	0.24552117263843648	0.5814332247557004	0.38355048859934854	0.6592833876221499	1000_20240515162507_BOX_1_0_156_leaf.png
410	2	5	3	0.4747557003257329	0.5947882736156351	0.612785016286645	0.6726384364820847	1000_20240515162516_BOX_1_0_165_leaf.png
411	2	5	3	0.622557003257329	0.5830618892508144	0.760586319218241	0.6612377850162866	1000_20240515162524_BOX_1_0_171_leaf.png
412	2	5	3	0.8102605863192183	0.5648208469055375	0.9482899022801303	0.642671009771987	1000_20240515162533_BOX_1_0_178_leaf.png
413	2	5	3	0.879071661237785	0.5433224755700325	1.017100977198697	0.6211726384364821	1000_20240515162541_BOX_1_0_181_leaf.png
414	2	5	3	0.9026872964169381	0.5315960912052117	1.0407166123778502	0.6094462540716612	1000_20240515162550_BOX_1_0_184_leaf.png
415	2	5	0	0.0	0.5947882736156351	0.09609120521172639	0.6785016286644951	1000_20240515162559_BOX_1_0_159_blue_tape.png
416	2	5	0	0.13721498371335505	0.6263843648208469	0.23371335504885993	0.7100977198697068	1000_20240515162608_BOX_1_0_165_blue_tape.png
417	2	5	0	0.28094462540716614	0.6332247557003258	0.377442996742671	0.7166123778501629	1000_20240515162616_BOX_1_0_171_blue_tape.png
418	2	5	0	0.4788273615635179	0.6332247557003258	0.5753257328990228	0.7166123778501629	1000_20240515162625_BOX_1_0_178_blue_tape.png
419	2	5	0	0.5622964169381107	0.6381107491856678	0.6587947882736156	0.7218241042345277	1000_20240515162633_BOX_1_0_181_blue_tape.png
420	2	5	0	0.629071661237785	0.6332247557003258	0.7255700325732899	0.7166123778501629	1000_20240515162642_BOX_1_0_184_blue_tape.png
421	2	5	0	0.6665309446254072	0.6315960912052118	0.7630293159609121	0.7149837133550488	1000_20240515162650_BOX_1_0_186_blue_tape.png
422	2	5	0	0.7455211726384365	0.6214983713355049	0.8420195439739414	0.7052117263843648	1000_20240515162659_BOX_1_0_188_blue_tape.png
423	2	5	0	0.8017100977198697	0.6166123778501629	0.8982084690553745	0.7	1000_20240515162707_BOX_1_0_191_blue_tape.png
424	2	5	0	0.9315960912052117	0.5964169381107491	1.0280944625407167	0.6801302931596092	1000_20240515162716_BOX_1_0_196_blue_tape.png
425	2	5	0	0.9776058631921825	0.5964169381107491	1.0085504885993486	0.6553745928338762	1000_20240515162724_BOX_1_0_198_blue_tape.png
426	2	5	0	0.0	0.35472312703583064	0.06677524429967427	0.40814332247557006	1000_20240515162732_BOX_1_0_177_blue_tape.png
427	2	5	0	0.0	0.35309446254071664	0.0993485342019544	0.41954397394136805	1000_20240515162740_BOX_1_0_179_blue_tape.png
428	2	5	0	0.016286644951140065	0.36482084690553745	0.15431596091205213	0.43322475570032576	1000_20240515162749_BOX_1_0_181_blue_tape.png
429	2	5	0	0.07043973941368079	0.37980456026058634	0.20887622149837134	0.4482084690553746	1000_20240515162757_BOX_1_0_184_blue_tape.png
430	2	5	0	0.11441368078175895	0.38664495114006514	0.252442996742671	0.45504885993485344	1000_20240515162806_BOX_1_0_186_blue_tape.png
431	2	5	0	0.15594462540716614	0.39153094462540716	0.2939739413680782	0.45993485342019547	1000_20240515162814_BOX_1_0_188_blue_tape.png
432	2	5	0	0.20195439739413681	0.3980456026058632	0.33998371335504884	0.46644951140065144	1000_20240515162823_BOX_1_0_191_blue_tape.png
433	2	5	0	0.3122964169381108	0.40488599348534204	0.4503257328990228	0.4732899022801303	1000_20240515162834_BOX_1_0_196_blue_tape.png
434	2	5	0	0.3558631921824104	0.41661237785016286	0.494299674267101	0.48501628664495117	1000_20240515162845_BOX_1_0_198_blue_tape.png
435	2	5	0	0.5289087947882736	0.40977198697068407	0.6669381107491856	0.4781758957654723	1000_20240515162854_BOX_1_0_206_blue_tape.png
436	2	5	0	0.7080618892508144	0.38664495114006514	0.8460912052117264	0.45504885993485344	1000_20240515162902_BOX_1_0_215_blue_tape.png
437	2	5	0	0.8664495114006515	0.36319218241042345	1.0044788273615635	0.43159609120521175	1000_20240515162911_BOX_1_0_223_blue_tape.png
438	2	5	0	0.9026872964169381	0.34136807817589576	1.0407166123778502	0.40977198697068407	1000_20240515162919_BOX_1_0_226_blue_tape.png
439	2	5	0	0.9026872964169381	0.3299674267100977	1.0407166123778502	0.398371335504886	1000_20240515162927_BOX_1_0_229_blue_tape.png
440	2	5	0	0.0	0.4631921824104234	0.06962540716612378	0.5563517915309446	1000_20240515162936_BOX_1_0_240_blue_tape.png
441	2	5	0	0.04560260586319218	0.4781758957654723	0.18363192182410423	0.5713355048859935	1000_20240515162945_BOX_1_0_245_blue_tape.png
442	2	5	0	0.6697882736156352	0.3332247557003257	0.8505700325732899	0.4472312703583062	1000_20240515162956_BOX_1_0_5_blue_tape.png
443	2	5	0	0.7801302931596091	0.35309446254071664	0.9609120521172638	0.4671009771986971	1000_20240515163005_BOX_1_0_10_blue_tape.png
444	2	5	0	0.8721498371335505	0.35472312703583064	1.0533387622149837	0.4687296416938111	1000_20240515163012_BOX_1_0_16_blue_tape.png
445	2	5	0	0.9535830618892508	0.35472312703583064	1.018729641693811	0.4687296416938111	1000_20240515163018_BOX_1_0_18_blue_tape.png
446	2	5	3	0.0	0.7947882736156352	0.06677524429967427	0.8592833876221498	1000_20240515163024_BOX_1_0_18_leaf.png
447	2	5	3	0.03745928338762215	0.7947882736156352	0.1783387622149837	0.8592833876221498	1000_20240515163031_BOX_1_0_22_leaf.png
448	2	5	3	0.17060260586319217	0.7846905537459283	0.3114820846905538	0.8495114006514658	1000_20240515163037_BOX_1_0_29_leaf.png
449	2	5	3	0.3269543973941368	0.7846905537459283	0.46783387622149836	0.8495114006514658	1000_20240515163044_BOX_1_0_36_leaf.png
450	2	5	3	0.46864820846905536	0.7882736156351792	0.6095276872964169	0.8527687296416938	1000_20240515163051_BOX_1_0_43_leaf.png
451	2	5	3	0.6665309446254072	0.7947882736156352	0.8074104234527687	0.8592833876221498	1000_20240515163058_BOX_1_0_52_leaf.png
452	2	5	3	0.8061889250814332	0.7947882736156352	0.9470684039087948	0.8592833876221498	1000_20240515163107_BOX_1_0_59_leaf.png
453	2	5	3	0.9002442996742671	0.7980456026058632	1.041530944625407	0.8628664495114007	1000_20240515163115_BOX_1_0_64_leaf.png
454	2	5	1	0.0	0.5765472312703583	0.07532573289902281	0.6563517915309446	1000_20240515163123_BOX_1_0_62_black_tape.png
455	2	5	1	0.002035830618892508	0.5781758957654723	0.13395765472312704	0.6579804560260586	1000_20240515163132_BOX_1_0_64_black_tape.png
456	2	5	1	0.11034201954397393	0.5648208469055375	0.24511400651465798	0.6654723127035831	1000_20240515163140_BOX_1_0_69_black_tape.png
457	2	5	1	0.2768729641693811	0.5765472312703583	0.41205211726384366	0.6771986970684039	1000_20240515163151_BOX_1_0_76_black_tape.png
458	2	5	1	0.3998371335504886	0.5732899022801303	0.5350162866449512	0.673941368078176	1000_20240515163159_BOX_1_0_81_black_tape.png
459	2	5	1	0.637214983713355	0.5664495114006515	0.7723941368078175	0.6671009771986971	1000_20240515163207_BOX_1_0_90_black_tape.png
460	2	5	1	0.7996742671009772	0.5765472312703583	0.9348534201954397	0.6771986970684039	1000_20240515163215_BOX_1_0_97_black_tape.png
461	2	5	1	0.8477198697068404	0.5732899022801303	0.9828990228013029	0.673941368078176	1000_20240515163223_BOX_1_0_98_black_tape.png
462	2	5	1	0.879071661237785	0.5781758957654723	1.0142508143322475	0.6788273615635179	1000_20240515163231_BOX_1_0_100_black_tape.png
463	2	5	1	0.8998371335504886	0.5781758957654723	1.035016286644951	0.6788273615635179	1000_20240515163239_BOX_1_0_101_black_tape.png
464	2	5	1	0.9047231270358306	0.5830618892508144	1.0394951140065147	0.6837133550488599	1000_20240515163247_BOX_1_0_104_black_tape.png
465	2	5	0	0.0	0.23485342019543973	0.06351791530944625	0.28794788273615635	1000_20240515163254_BOX_1_0_55_blue_tape.png
466	2	5	0	0.012214983713355049	0.2315960912052117	0.1563517915309446	0.2960912052117264	1000_20240515163303_BOX_1_0_59_blue_tape.png
467	2	5	0	0.08102605863192182	0.22996742671009773	0.2251628664495114	0.2944625407166124	1000_20240515163311_BOX_1_0_61_blue_tape.png
468	2	5	0	0.13314332247557004	0.23322475570032572	0.2772801302931596	0.2977198697068404	1000_20240515163319_BOX_1_0_64_blue_tape.png
469	2	5	0	0.247557003257329	0.23811074918566774	0.3916938110749186	0.30293159609120524	1000_20240515163327_BOX_1_0_69_blue_tape.png
470	2	5	0	0.4206026058631922	0.23485342019543973	0.5647394136807817	0.2993485342019544	1000_20240515163336_BOX_1_0_76_blue_tape.png
471	2	5	0	0.5350162866449512	0.23485342019543973	0.6791530944625407	0.2993485342019544	1000_20240515163344_BOX_1_0_81_blue_tape.png
472	2	5	0	0.747557003257329	0.2280130293159609	0.8916938110749185	0.29283387622149837	1000_20240515163351_BOX_1_0_90_blue_tape.png
473	2	5	0	0.8982084690553745	0.22149837133550487	1.0423452768729642	0.28599348534201957	1000_20240515163359_BOX_1_0_97_blue_tape.png
474	2	5	3	0.0	0.48306188925081434	0.10504885993485343	0.5439739413680782	1000_20240515163407_BOX_1_0_68_leaf.png
475	2	5	3	0.14128664495114007	0.48990228013029313	0.24674267100977199	0.5504885993485342	1000_20240515163416_BOX_1_0_74_leaf.png
476	2	5	3	0.30618892508143325	0.48143322475570033	0.41164495114006516	0.5423452768729642	1000_20240515163424_BOX_1_0_81_leaf.png
477	2	5	3	0.5374592833876222	0.48306188925081434	0.6425081433224755	0.5439739413680782	1000_20240515163435_BOX_1_0_90_leaf.png
478	2	5	3	0.7100977198697068	0.4866449511400652	0.8155537459283387	0.5472312703583062	1000_20240515163443_BOX_1_0_97_leaf.png
479	2	5	3	0.7520358306188925	0.49478827361563515	0.8570846905537459	0.5557003257328991	1000_20240515163451_BOX_1_0_98_leaf.png
480	2	5	3	0.7874592833876222	0.48990228013029313	0.8925081433224755	0.5504885993485342	1000_20240515163459_BOX_1_0_100_leaf.png
481	2	5	3	0.8061889250814332	0.48990228013029313	0.9116449511400652	0.5504885993485342	1000_20240515163507_BOX_1_0_101_leaf.png
482	2	5	3	0.872557003257329	0.48990228013029313	0.9780130293159609	0.5504885993485342	1000_20240515163515_BOX_1_0_104_leaf.png
483	2	5	3	0.8998371335504886	0.4866449511400652	1.0052931596091206	0.5472312703583062	1000_20240515163523_BOX_1_0_105_leaf.png
484	2	5	3	0.0	0.20977198697068403	0.048859934853420196	0.28403908794788274	1000_20240515163531_BOX_1_0_91_leaf.png
485	2	5	3	0.06229641693811075	0.22312703583061888	0.16775244299674266	0.29739413680781757	1000_20240515163539_BOX_1_0_95_leaf.png
486	2	5	3	0.10586319218241043	0.2247557003257329	0.21131921824104236	0.2990228013029316	1000_20240515163547_BOX_1_0_97_leaf.png
487	2	5	3	0.1767100977198697	0.21661237785016288	0.28216612377850164	0.29055374592833877	1000_20240515163555_BOX_1_0_100_leaf.png
488	2	5	3	0.20399022801302932	0.22312703583061888	0.30944625407166126	0.29739413680781757	1000_20240515163603_BOX_1_0_101_leaf.png
489	2	5	3	0.26425081433224756	0.2280130293159609	0.3697068403908795	0.3022801302931596	1000_20240515163611_BOX_1_0_104_leaf.png
490	2	5	3	0.2976384364820847	0.2280130293159609	0.4030944625407166	0.3022801302931596	1000_20240515163620_BOX_1_0_105_leaf.png
491	2	5	3	0.3558631921824104	0.2315960912052117	0.46131921824104233	0.3055374592833876	1000_20240515163627_BOX_1_0_108_leaf.png
492	2	5	3	0.5228013029315961	0.2263843648208469	0.628257328990228	0.3006514657980456	1000_20240515163635_BOX_1_0_116_leaf.png
493	2	5	3	0.7414495114006515	0.2280130293159609	0.8469055374592834	0.3022801302931596	1000_20240515163643_BOX_1_0_127_leaf.png
494	2	5	3	0.8623778501628665	0.21661237785016288	0.9678338762214984	0.29055374592833877	1000_20240515163652_BOX_1_0_133_leaf.png
495	2	5	3	0.9254885993485342	0.22149837133550487	1.0309446254071661	0.29576547231270356	1000_20240515163703_BOX_1_0_136_leaf.png
496	2	5	2	0.0	0.6915309446254072	0.09324104234527687	0.7827361563517915	1000_20240515163711_BOX_1_0_127_gum.png
497	2	5	2	0.06229641693811075	0.6866449511400652	0.2536644951140065	0.7814332247557003	1000_20240515163720_BOX_1_0_133_gum.png
498	2	5	2	0.13314332247557004	0.6931596091205212	0.3245114006514658	0.7882736156351792	1000_20240515163728_BOX_1_0_136_gum.png
499	2	5	2	0.22068403908794787	0.6931596091205212	0.41205211726384366	0.7882736156351792	1000_20240515163736_BOX_1_0_139_gum.png
500	2	5	2	0.4833061889250814	0.6915309446254072	0.6746742671009772	0.7866449511400652	1000_20240515163749_BOX_1_0_151_gum.png
501	2	5	2	0.7145765472312704	0.6915309446254072	0.9059446254071661	0.7866449511400652	1000_20240515163757_BOX_1_0_161_gum.png
502	2	5	2	0.8648208469055375	0.6980456026058632	1.0565960912052117	0.7931596091205212	1000_20240515163809_BOX_1_0_168_gum.png
503	2	5	2	0.0	0.8465798045602606	0.08428338762214983	0.901628664495114	1000_20240515163818_BOX_1_0_177_gum.png
504	2	5	2	0.012214983713355049	0.8364820846905537	0.13843648208469056	0.9087947882736156	1000_20240515163826_BOX_1_0_179_gum.png
505	2	5	2	0.1457654723127036	0.8397394136807818	0.2719869706840391	0.9120521172638436	1000_20240515163834_BOX_1_0_185_gum.png
506	2	5	2	0.34568403908794787	0.8315960912052117	0.4719055374592834	0.9035830618892509	1000_20240515163843_BOX_1_0_194_gum.png
507	2	5	2	0.5061074918566775	0.8299674267100977	0.632328990228013	0.9019543973941369	1000_20240515163851_BOX_1_0_202_gum.png
508	2	5	2	0.7455211726384365	0.8413680781758958	0.871742671009772	0.9136807817589576	1000_20240515163900_BOX_1_0_213_gum.png
509	2	5	2	0.887214983713355	0.8465798045602606	1.0134364820846906	0.9185667752442996	1000_20240515163909_BOX_1_0_220_gum.png
510	2	5	2	0.9108306188925082	0.8583061889250815	1.0370521172638436	0.9302931596091205	1000_20240515163917_BOX_1_0_224_gum.png
511	2	5	1	0.004885993485342019	0.26156351791530946	0.1473941368078176	0.36612377850162864	1000_20240515163925_BOX_1_0_183_black_tape.png
512	2	5	1	0.18403908794788273	0.2697068403908795	0.3265472312703583	0.3742671009771987	1000_20240515163933_BOX_1_0_190_black_tape.png
513	2	5	1	0.40716612377850164	0.2732899022801303	0.5496742671009772	0.3775244299674267	1000_20240515163942_BOX_1_0_199_black_tape.png
514	2	5	1	0.6820032573289903	0.2716612377850163	0.8245114006514658	0.3758957654723127	1000_20240515163949_BOX_1_0_211_black_tape.png
515	2	5	1	0.886400651465798	0.2648208469055375	1.0289087947882736	0.36938110749185665	1000_20240515163958_BOX_1_0_220_black_tape.png
516	2	5	1	0.8994299674267101	0.2648208469055375	1.0419381107491856	0.36938110749185665	1000_20240515164006_BOX_1_0_222_black_tape.png
517	2	5	0	0.0	0.35635179153094465	0.09609120521172639	0.4381107491856677	1000_20240515164014_BOX_1_0_216_blue_tape.png
518	2	5	0	0.08509771986970684	0.35993485342019543	0.2679153094462541	0.44169381107491856	1000_20240515164026_BOX_1_0_222_blue_tape.png
519	2	5	0	0.3269543973941368	0.3583061889250814	0.5093648208469055	0.43973941368078173	1000_20240515164034_BOX_1_0_232_blue_tape.png
520	2	5	0	0.5663680781758957	0.3583061889250814	0.749185667752443	0.43973941368078173	1000_20240515164042_BOX_1_0_242_blue_tape.png
521	2	5	0	0.5916123778501629	0.36156351791530944	0.7740228013029316	0.44332247557003257	1000_20240515164051_BOX_1_0_245_blue_tape.png
522	2	5	0	0.38436482084690554	0.511400651465798	0.38721498371335505	0.511400651465798	1000_20240515164100_BOX_1_0_222_blue_tape.png
